\BOOKMARK [1][-]{section.1}{\376\377\000I\000n\000t\000r\000o\000d\000u\000c\000t\000i\000o\000n}{}% 1
\BOOKMARK [1][-]{section.2}{\376\377\000L\000I\000T\000E\000R\000A\000T\000U\000R\000E\000\040\000R\000E\000V\000I\000E\000W}{}% 2
\BOOKMARK [2][-]{subsection.2.1}{\376\377\000N\000e\000s\000t\000i\000n\000g\000\040\000a\000n\000d\000\040\000S\000c\000h\000e\000d\000u\000l\000i\000n\000g\000\040\000i\000n\000\040\000A\000d\000d\000i\000t\000i\000v\000e\000\040\000M\000a\000n\000u\000f\000a\000c\000t\000u\000r\000i\000n\000g}{section.2}% 3
\BOOKMARK [2][-]{subsection.2.2}{\376\377\000O\000p\000t\000i\000m\000i\000z\000a\000t\000i\000o\000n\000\040\000M\000o\000d\000e\000l\000s\000\040\000f\000o\000r\000\040\000A\000M\000\040\000S\000c\000h\000e\000d\000u\000l\000i\000n\000g}{section.2}% 4
\BOOKMARK [2][-]{subsection.2.3}{\376\377\000E\000x\000a\000c\000t\000\040\000A\000l\000g\000o\000r\000i\000t\000h\000m\000s\000\040\000f\000o\000r\000\040\000A\000M\000\040\000N\000e\000s\000t\000i\000n\000g\000\040\000a\000n\000d\000\040\000S\000c\000h\000e\000d\000u\000l\000i\000n\000g}{section.2}% 5
\BOOKMARK [2][-]{subsection.2.4}{\376\377\000E\000x\000a\000c\000t\000\040\000A\000l\000g\000o\000r\000i\000t\000h\000m\000s\000\040\000f\000o\000r\000\040\000P\000a\000r\000a\000l\000l\000e\000l\000-\000M\000a\000c\000h\000i\000n\000e\000\040\000S\000c\000h\000e\000d\000u\000l\000i\000n\000g}{section.2}% 6
\BOOKMARK [2][-]{subsection.2.5}{\376\377\000R\000e\000s\000e\000a\000r\000c\000h\000\040\000G\000a\000p\000\040\000a\000n\000d\000\040\000P\000o\000s\000i\000t\000i\000o\000n\000i\000n\000g\000\040\000o\000f\000\040\000T\000h\000i\000s\000\040\000S\000t\000u\000d\000y}{section.2}% 7
\BOOKMARK [1][-]{section.3}{\376\377\000M\000A\000T\000H\000E\000M\000A\000T\000I\000C\000A\000L\000\040\000P\000R\000O\000G\000R\000A\000M\000M\000I\000N\000G\000\040\000M\000O\000D\000E\000L}{}% 8
\BOOKMARK [2][-]{subsection.3.1}{\376\377\000P\000r\000o\000b\000l\000e\000m\000\040\000D\000e\000s\000c\000r\000i\000p\000t\000i\000o\000n}{section.3}% 9
\BOOKMARK [2][-]{subsection.3.2}{\376\377\000M\000I\000L\000P\000\040\000F\000o\000r\000m\000u\000l\000a\000t\000i\000o\000n}{section.3}% 10
\BOOKMARK [1][-]{section.4}{\376\377\000M\000E\000T\000H\000O\000D\000O\000L\000O\000G\000Y}{}% 11
\BOOKMARK [2][-]{subsection.4.1}{\376\377\000D\000e\000s\000i\000g\000n\000\040\000R\000a\000t\000i\000o\000n\000a\000l\000e\000:\000\040\000A\000s\000s\000i\000g\000n\000m\000e\000n\000t\000-\000B\000a\000s\000e\000d\000\040\000B\000r\000a\000n\000c\000h\000i\000n\000g\000\040\000v\000e\000r\000s\000u\000s\000\040\000B\000r\000a\000n\000c\000h\000-\000a\000n\000d\000-\000P\000r\000i\000c\000e}{section.4}% 12
\BOOKMARK [2][-]{subsection.4.2}{\376\377\000O\000v\000e\000r\000a\000l\000l\000\040\000B\000r\000a\000n\000c\000h\000-\000a\000n\000d\000-\000B\000o\000u\000n\000d\000\040\000F\000r\000a\000m\000e\000w\000o\000r\000k}{section.4}% 13
\BOOKMARK [2][-]{subsection.4.3}{\376\377\000A\000s\000s\000i\000g\000n\000m\000e\000n\000t\000-\000B\000a\000s\000e\000d\000\040\000S\000e\000a\000r\000c\000h\000\040\000T\000r\000e\000e}{section.4}% 14
\BOOKMARK [3][-]{subsubsection.4.3.1}{\376\377\000N\000o\000d\000e\000\040\000R\000e\000p\000r\000e\000s\000e\000n\000t\000a\000t\000i\000o\000n}{subsection.4.3}% 15
\BOOKMARK [3][-]{subsubsection.4.3.2}{\376\377\000S\000y\000m\000m\000e\000t\000r\000y\000-\000R\000e\000d\000u\000c\000e\000d\000\040\000B\000r\000a\000n\000c\000h\000i\000n\000g\000\040\000S\000c\000h\000e\000m\000e}{subsection.4.3}% 16
\BOOKMARK [3][-]{subsubsection.4.3.3}{\376\377\000B\000r\000a\000n\000c\000h\000i\000n\000g\000\040\000P\000a\000r\000t\000\040\000S\000e\000l\000e\000c\000t\000i\000o\000n}{subsection.4.3}% 17
\BOOKMARK [2][-]{subsection.4.4}{\376\377\000N\000o\000d\000e\000\040\000L\000o\000w\000e\000r\000\040\000B\000o\000u\000n\000d}{section.4}% 18
\BOOKMARK [3][-]{subsubsection.4.4.1}{\376\377\000M\000a\000c\000h\000i\000n\000e\000-\000W\000i\000s\000e\000\040\000M\000o\000n\000o\000t\000o\000n\000i\000c\000i\000t\000y\000\040\000B\000o\000u\000n\000d}{subsection.4.4}% 19
\BOOKMARK [3][-]{subsubsection.4.4.2}{\376\377\000M\000e\000m\000o\000r\000y\000-\000B\000a\000s\000e\000d\000\040\000L\000o\000w\000e\000r\000\040\000B\000o\000u\000n\000d}{subsection.4.4}% 20
\BOOKMARK [3][-]{subsubsection.4.4.3}{\376\377\000F\000a\000s\000t\000\040\000A\000n\000a\000l\000y\000t\000i\000c\000a\000l\000\040\000L\000o\000w\000e\000r\000\040\000B\000o\000u\000n\000d}{subsection.4.4}% 21
\BOOKMARK [3][-]{subsubsection.4.4.4}{\376\377\000H\000e\000a\000v\000y\000-\000M\000a\000c\000h\000i\000n\000e\000\040\000O\000r\000a\000c\000l\000e\000\040\000B\000o\000u\000n\000d}{subsection.4.4}% 22
\BOOKMARK [3][-]{subsubsection.4.4.5}{\376\377\000U\000n\000a\000s\000s\000i\000g\000n\000e\000d\000-\000P\000a\000r\000t\000\040\000R\000e\000l\000a\000x\000a\000t\000i\000o\000n}{subsection.4.4}% 23
\BOOKMARK [2][-]{subsection.4.5}{\376\377\000U\000p\000p\000e\000r\000\040\000B\000o\000u\000n\000d\000\040\000a\000n\000d\000\040\000C\000o\000m\000p\000l\000e\000t\000e\000\040\000A\000s\000s\000i\000g\000n\000m\000e\000n\000t\000\040\000E\000v\000a\000l\000u\000a\000t\000i\000o\000n}{section.4}% 24
\BOOKMARK [3][-]{subsubsection.4.5.1}{\376\377\000I\000n\000i\000t\000i\000a\000l\000\040\000U\000p\000p\000e\000r\000\040\000B\000o\000u\000n\000d}{subsection.4.5}% 25
\BOOKMARK [3][-]{subsubsection.4.5.2}{\376\377\000L\000o\000c\000a\000l\000-\000S\000e\000a\000r\000c\000h\000\040\000R\000e\000f\000i\000n\000e\000m\000e\000n\000t}{subsection.4.5}% 26
\BOOKMARK [3][-]{subsubsection.4.5.3}{\376\377\000C\000o\000m\000p\000l\000e\000t\000e\000\040\000A\000s\000s\000i\000g\000n\000m\000e\000n\000t\000\040\000E\000v\000a\000l\000u\000a\000t\000i\000o\000n}{subsection.4.5}% 27
\BOOKMARK [2][-]{subsection.4.6}{\376\377\000N\000o\000d\000e\000\040\000S\000e\000l\000e\000c\000t\000i\000o\000n\000\040\000a\000n\000d\000\040\000P\000r\000u\000n\000i\000n\000g}{section.4}% 28
\BOOKMARK [3][-]{subsubsection.4.6.1}{\376\377\000N\000o\000d\000e\000\040\000S\000e\000l\000e\000c\000t\000i\000o\000n\000\040\000S\000t\000r\000a\000t\000e\000g\000y}{subsection.4.6}% 29
\BOOKMARK [3][-]{subsubsection.4.6.2}{\376\377\000P\000r\000u\000n\000i\000n\000g\000\040\000R\000u\000l\000e\000s}{subsection.4.6}% 30
\BOOKMARK [3][-]{subsubsection.4.6.3}{\376\377\000O\000p\000t\000i\000m\000a\000l\000i\000t\000y\000\040\000G\000u\000a\000r\000a\000n\000t\000e\000e}{subsection.4.6}% 31
\BOOKMARK [2][-]{subsection.4.7}{\376\377\000E\000x\000a\000c\000t\000\040\000S\000i\000n\000g\000l\000e\000-\000M\000a\000c\000h\000i\000n\000e\000\040\000S\000c\000h\000e\000d\000u\000l\000i\000n\000g\000\040\000O\000r\000a\000c\000l\000e}{section.4}% 32
\BOOKMARK [1][-]{section.5}{\376\377\000T\000e\000s\000t\000\040\000I\000n\000s\000t\000a\000n\000c\000e\000s}{}% 33
\BOOKMARK [1][-]{section.6}{\376\377\000C\000o\000m\000p\000u\000t\000a\000t\000i\000o\000n\000a\000l\000\040\000R\000e\000s\000u\000l\000t\000s}{}% 34
\BOOKMARK [2][-]{subsection.6.1}{\376\377\000M\000I\000L\000P\000\040\000T\000r\000a\000c\000t\000a\000b\000i\000l\000i\000t\000y\000:\000\040\000m\000i\000x\000-\000b\000a\000t\000c\000h\000\040\000v\000e\000r\000s\000u\000s\000\040\000i\000d\000e\000a\000l\000i\000z\000e\000d\000\040\000p\000-\000b\000a\000t\000c\000h}{section.6}% 35
\BOOKMARK [2][-]{subsection.6.2}{\376\377\000S\000i\000n\000g\000l\000e\000-\000M\000a\000c\000h\000i\000n\000e\000\040\000O\000r\000a\000c\000l\000e}{section.6}% 36
\BOOKMARK [2][-]{subsection.6.3}{\376\377\000E\000f\000f\000e\000c\000t\000\040\000o\000f\000\040\000t\000h\000e\000\040\000D\000i\000v\000i\000n\000g\000\040\000R\000u\000l\000e}{section.6}% 37
\BOOKMARK [2][-]{subsection.6.4}{\376\377\000E\000f\000f\000e\000c\000t\000\040\000o\000f\000\040\000t\000h\000e\000\040\000L\000o\000c\000a\000l\000-\000S\000e\000a\000r\000c\000h\000\040\000U\000p\000p\000e\000r\000\040\000B\000o\000u\000n\000d}{section.6}% 38
\BOOKMARK [2][-]{subsection.6.5}{\376\377\000A\000\040\000N\000e\000g\000a\000t\000i\000v\000e\000\040\000R\000e\000s\000u\000l\000t\000\040\000o\000n\000\040\000F\000r\000e\000e\000-\000P\000a\000r\000t\000\040\000B\000o\000u\000n\000d\000s}{section.6}% 39
\BOOKMARK [2][-]{subsection.6.6}{\376\377\000P\000r\000u\000n\000i\000n\000g\000\040\000H\000e\000a\000v\000i\000l\000y\000\040\000U\000n\000b\000a\000l\000a\000n\000c\000e\000d\000\040\000A\000s\000s\000i\000g\000n\000m\000e\000n\000t\000s}{section.6}% 40
\BOOKMARK [2][-]{subsection.6.7}{\376\377\000S\000c\000a\000l\000i\000n\000g\000\040\000B\000e\000h\000a\000v\000i\000o\000r}{section.6}% 41
\BOOKMARK [1][-]{section.7}{\376\377\000C\000O\000N\000C\000L\000U\000S\000I\000O\000N\000S}{}% 42
\BOOKMARK [1][-]{appendix.A}{\376\377\000D\000e\000r\000i\000v\000a\000t\000i\000o\000n\000\040\000o\000f\000\040\000t\000h\000e\000\040\000P\000o\000s\000i\000t\000i\000o\000n\000a\000l\000\040\000L\000o\000w\000e\000r\000\040\000B\000o\000u\000n\000d}{}% 43
\BOOKMARK [1][-]{appendix.A}{\376\377\000E\000x\000a\000c\000t\000\040\000S\000i\000n\000g\000l\000e\000-\000M\000a\000c\000h\000i\000n\000e\000\040\000S\000c\000h\000e\000d\000u\000l\000i\000n\000g\000\040\000O\000r\000a\000c\000l\000e}{}% 44
\BOOKMARK [2][-]{subsection.A.1}{\376\377\000S\000i\000n\000g\000l\000e\000-\000M\000a\000c\000h\000i\000n\000e\000\040\000S\000u\000b\000p\000r\000o\000b\000l\000e\000m}{appendix.A}% 45
\BOOKMARK [2][-]{subsection.A.2}{\376\377\000N\000o\000d\000e\000\040\000R\000e\000p\000r\000e\000s\000e\000n\000t\000a\000t\000i\000o\000n}{appendix.A}% 46
\BOOKMARK [2][-]{subsection.A.3}{\376\377\000B\000r\000a\000n\000c\000h\000i\000n\000g\000\040\000R\000u\000l\000e}{appendix.A}% 47
\BOOKMARK [2][-]{subsection.A.4}{\376\377\000I\000n\000i\000t\000i\000a\000l\000\040\000U\000p\000p\000e\000r\000\040\000B\000o\000u\000n\000d}{appendix.A}% 48
\BOOKMARK [2][-]{subsection.A.5}{\376\377\000P\000a\000r\000a\000l\000l\000e\000l\000\040\000L\000o\000w\000e\000r\000\040\000B\000o\000u\000n\000d}{appendix.A}% 49
\BOOKMARK [2][-]{subsection.A.6}{\376\377\000P\000o\000s\000i\000t\000i\000o\000n\000a\000l\000\040\000L\000o\000w\000e\000r\000\040\000B\000o\000u\000n\000d}{appendix.A}% 50
\BOOKMARK [2][-]{subsection.A.7}{\376\377\000C\000o\000m\000b\000i\000n\000e\000d\000\040\000L\000o\000w\000e\000r\000\040\000B\000o\000u\000n\000d}{appendix.A}% 51
\BOOKMARK [2][-]{subsection.A.8}{\376\377\000D\000o\000m\000i\000n\000a\000n\000c\000e\000\040\000R\000u\000l\000e}{appendix.A}% 52
\BOOKMARK [2][-]{subsection.A.9}{\376\377\000N\000o\000d\000e\000\040\000S\000e\000l\000e\000c\000t\000i\000o\000n}{appendix.A}% 53
\BOOKMARK [2][-]{subsection.A.10}{\376\377\000O\000v\000e\000r\000a\000l\000l\000\040\000P\000r\000o\000c\000e\000d\000u\000r\000e}{appendix.A}% 54
\BOOKMARK [2][-]{subsection.A.11}{\376\377\000O\000p\000t\000i\000m\000a\000l\000i\000t\000y\000\040\000G\000u\000a\000r\000a\000n\000t\000e\000e}{appendix.A}% 55
